#######################################################################################
# log primitive debug message of FSDB dumping                                         #
# This is for R&D to analyze when there are issues happening when FSDB dump           #
#######################################################################################
ANF: vcsd_get_serial_mode_status('/home/hotwater/ergene_coder/sim/simv: undefined symbol: vcsd_get_serial_mode_status')
ANF: vcsd_enable_sva_success_callback('/home/hotwater/ergene_coder/sim/simv: undefined symbol: vcsd_enable_sva_success_callback')
ANF: vcsd_disable_sva_success_callback('/home/hotwater/ergene_coder/sim/simv: undefined symbol: vcsd_disable_sva_success_callback')
ANF: vcsd_get_power_scope_name('/home/hotwater/ergene_coder/sim/simv: undefined symbol: vcsd_get_power_scope_name')
ANF: vcsd_dump_var_vpdg('/home/hotwater/ergene_coder/sim/simv: undefined symbol: vcsd_dump_var_vpdg')
ANF: vcsd_begin_no_value_var_info('/home/hotwater/ergene_coder/sim/simv: undefined symbol: vcsd_begin_no_value_var_info')
ANF: vcsd_end_no_value_var_info('/home/hotwater/ergene_coder/sim/simv: undefined symbol: vcsd_end_no_value_var_info')
ANF: vcsd_remove_xprop_merge_mode_callback('/home/hotwater/ergene_coder/sim/simv: undefined symbol: vcsd_remove_xprop_merge_mode_callback')
ANF: vhpi_get_cb_info('/home/hotwater/ergene_coder/sim/simv: undefined symbol: vhpi_get_cb_info')
ANF: vhpi_free_handle('/home/hotwater/ergene_coder/sim/simv: undefined symbol: vhpi_free_handle')
ANF: vhpi_fetch_vcsd_handle('/home/hotwater/ergene_coder/sim/simv: undefined symbol: vhpi_fetch_vcsd_handle')
ANF: vhpi_fetch_vpi_handle('/home/hotwater/ergene_coder/sim/simv: undefined symbol: vhpi_fetch_vpi_handle')
ANF: vhpi_has_verilog_parent('/home/hotwater/ergene_coder/sim/simv: undefined symbol: vhpi_has_verilog_parent')
ANF: vhpi_is_verilog_scope('/home/hotwater/ergene_coder/sim/simv: undefined symbol: vhpi_is_verilog_scope')
ANF: scsd_xprop_is_enabled('/home/hotwater/ergene_coder/sim/simv: undefined symbol: scsd_xprop_is_enabled')
ANF: scsd_xprop_sig_is_promoted('/home/hotwater/ergene_coder/sim/simv: undefined symbol: scsd_xprop_sig_is_promoted')
ANF: scsd_xprop_int_xvalue('/home/hotwater/ergene_coder/sim/simv: undefined symbol: scsd_xprop_int_xvalue')
ANF: scsd_xprop_bool_xvalue('/home/hotwater/ergene_coder/sim/simv: undefined symbol: scsd_xprop_bool_xvalue')
ANF: scsd_xprop_enum_xvalue('/home/hotwater/ergene_coder/sim/simv: undefined symbol: scsd_xprop_enum_xvalue')
ANF: scsd_xprop_register_merge_mode_cb('/home/hotwater/ergene_coder/sim/simv: undefined symbol: scsd_xprop_register_merge_mode_cb')
ANF: scsd_xprop_delete_merge_mode_cb('/home/hotwater/ergene_coder/sim/simv: undefined symbol: scsd_xprop_delete_merge_mode_cb')
ANF: scsd_xprop_get_merge_mode('/home/hotwater/ergene_coder/sim/simv: undefined symbol: scsd_xprop_get_merge_mode')
ANF: scsd_thread_get_info('/home/hotwater/ergene_coder/sim/simv: undefined symbol: scsd_thread_get_info')
ANF: scsd_thread_vc_init('/home/hotwater/ergene_coder/sim/simv: undefined symbol: scsd_thread_vc_init')
ANF: scsd_master_set_delta_sync_cbk('/home/hotwater/ergene_coder/sim/simv: undefined symbol: scsd_master_set_delta_sync_cbk')
ANF: scsd_fgp_get_fsdb_cores('/home/hotwater/ergene_coder/sim/simv: undefined symbol: scsd_fgp_get_fsdb_cores')
ANF: scsd_fgp_get_is_cpu_affinity_disabled('/home/hotwater/ergene_coder/sim/simv: undefined symbol: scsd_fgp_get_is_cpu_affinity_disabled')
ANF: vhdi_dt_get_type('/home/hotwater/ergene_coder/sim/simv: undefined symbol: vhdi_dt_get_type')
ANF: vhdi_dt_get_key('/home/hotwater/ergene_coder/sim/simv: undefined symbol: vhdi_dt_get_key')
ANF: vhdi_dt_get_vhdl_enum_info('/home/hotwater/ergene_coder/sim/simv: undefined symbol: vhdi_dt_get_vhdl_enum_info')
ANF: vhdi_dt_get_vhdl_physical_info('/home/hotwater/ergene_coder/sim/simv: undefined symbol: vhdi_dt_get_vhdl_physical_info')
ANF: vhdi_dt_get_vhdl_array_info('/home/hotwater/ergene_coder/sim/simv: undefined symbol: vhdi_dt_get_vhdl_array_info')
ANF: vhdi_dt_get_vhdl_record_info('/home/hotwater/ergene_coder/sim/simv: undefined symbol: vhdi_dt_get_vhdl_record_info')
ANF: vhdi_dt_get_vhdl_integer_range_info('/home/hotwater/ergene_coder/sim/simv: undefined symbol: vhdi_dt_get_vhdl_integer_range_info')
ANF: vhdi_def_traverse_module('/home/hotwater/ergene_coder/sim/simv: undefined symbol: vhdi_def_traverse_module')
ANF: vhdi_def_traverse_scope('/home/hotwater/ergene_coder/sim/simv: undefined symbol: vhdi_def_traverse_scope')
ANF: vhdi_def_traverse_variable('/home/hotwater/ergene_coder/sim/simv: undefined symbol: vhdi_def_traverse_variable')
ANF: vhdi_def_get_module_id_by_vhpi('/home/hotwater/ergene_coder/sim/simv: undefined symbol: vhdi_def_get_module_id_by_vhpi')
ANF: vhdi_def_get_handle_by_module_id('/home/hotwater/ergene_coder/sim/simv: undefined symbol: vhdi_def_get_handle_by_module_id')
ANF: vhdi_def_get_variable_info_by_vhpi('/home/hotwater/ergene_coder/sim/simv: undefined symbol: vhdi_def_get_variable_info_by_vhpi')
ANF: vhdi_def_free('/home/hotwater/ergene_coder/sim/simv: undefined symbol: vhdi_def_free')
ANF: vhdi_ist_traverse_scope('/home/hotwater/ergene_coder/sim/simv: undefined symbol: vhdi_ist_traverse_scope')
ANF: vhdi_ist_traverse_variable('/home/hotwater/ergene_coder/sim/simv: undefined symbol: vhdi_ist_traverse_variable')
ANF: vhdi_ist_convert_by_vhpi('/home/hotwater/ergene_coder/sim/simv: undefined symbol: vhdi_ist_convert_by_vhpi')
ANF: vhdi_ist_clone('/home/hotwater/ergene_coder/sim/simv: undefined symbol: vhdi_ist_clone')
ANF: vhdi_ist_free('/home/hotwater/ergene_coder/sim/simv: undefined symbol: vhdi_ist_free')
ANF: vhdi_ist_hash_key('/home/hotwater/ergene_coder/sim/simv: undefined symbol: vhdi_ist_hash_key')
ANF: vhdi_ist_compare('/home/hotwater/ergene_coder/sim/simv: undefined symbol: vhdi_ist_compare')
ANF: vhdi_ist_get_value_addr('/home/hotwater/ergene_coder/sim/simv: undefined symbol: vhdi_ist_get_value_addr')
ANF: vhdi_set_scsd_callback('/home/hotwater/ergene_coder/sim/simv: undefined symbol: vhdi_set_scsd_callback')
ANF: vhdi_cbk_set_force_callback('/home/hotwater/ergene_coder/sim/simv: undefined symbol: vhdi_cbk_set_force_callback')
ANF: vhdi_trigger_init_force('/home/hotwater/ergene_coder/sim/simv: undefined symbol: vhdi_trigger_init_force')
ANF: vhdi_ist_check_scsd_callback('/home/hotwater/ergene_coder/sim/simv: undefined symbol: vhdi_ist_check_scsd_callback')
ANF: vhdi_ist_add_scsd_callback('/home/hotwater/ergene_coder/sim/simv: undefined symbol: vhdi_ist_add_scsd_callback')
ANF: vhdi_ist_remove_scsd_callback('/home/hotwater/ergene_coder/sim/simv: undefined symbol: vhdi_ist_remove_scsd_callback')
ANF: vhdi_ist_get_scsd_user_data('/home/hotwater/ergene_coder/sim/simv: undefined symbol: vhdi_ist_get_scsd_user_data')
ANF: vhdi_add_time_change_callback('/home/hotwater/ergene_coder/sim/simv: undefined symbol: vhdi_add_time_change_callback')
ANF: vhdi_get_real_value_by_value_addr('/home/hotwater/ergene_coder/sim/simv: undefined symbol: vhdi_get_real_value_by_value_addr')
ANF: vhdi_get_64_value_by_value_addr('/home/hotwater/ergene_coder/sim/simv: undefined symbol: vhdi_get_64_value_by_value_addr')
ANF: vhdi_xprop_inst_is_promoted('/home/hotwater/ergene_coder/sim/simv: undefined symbol: vhdi_xprop_inst_is_promoted')
ANF: vdi_ist_convert_by_vhdi('/home/hotwater/ergene_coder/sim/simv: undefined symbol: vdi_ist_convert_by_vhdi')
ANF: vhdi_ist_get_module_id('/home/hotwater/ergene_coder/sim/simv: undefined symbol: vhdi_ist_get_module_id')
ANF: vhdi_refine_foreign_scope_type('/home/hotwater/ergene_coder/sim/simv: undefined symbol: vhdi_refine_foreign_scope_type')
ANF: vhdi_flush_callback('/home/hotwater/ergene_coder/sim/simv: undefined symbol: vhdi_flush_callback')
ANF: vhdi_set_orig_name('/home/hotwater/ergene_coder/sim/simv: undefined symbol: vhdi_set_orig_name')
ANF: vhdi_set_dump_pt('/home/hotwater/ergene_coder/sim/simv: undefined symbol: vhdi_set_dump_pt')
ANF: vhdi_set_int_subtype('/home/hotwater/ergene_coder/sim/simv: undefined symbol: vhdi_set_int_subtype')
ANF: vhdi_set_fixed_point('/home/hotwater/ergene_coder/sim/simv: undefined symbol: vhdi_set_fixed_point')
ANF: vhdi_get_fsdb_option('/home/hotwater/ergene_coder/sim/simv: undefined symbol: vhdi_get_fsdb_option')
ANF: vhdi_fgp_get_mode('/home/hotwater/ergene_coder/sim/simv: undefined symbol: vhdi_fgp_get_mode')
ANF: vhdi_node_register_composite_var('/home/hotwater/ergene_coder/sim/simv: undefined symbol: vhdi_node_register_composite_var')
ANF: vhdi_node_analysis('/home/hotwater/ergene_coder/sim/simv: undefined symbol: vhdi_node_analysis')
ANF: vhdi_node_id('/home/hotwater/ergene_coder/sim/simv: undefined symbol: vhdi_node_id')
ANF: vhdi_node_ist_check_scsd_callback('/home/hotwater/ergene_coder/sim/simv: undefined symbol: vhdi_node_ist_check_scsd_callback')
ANF: vhdi_node_ist_add_scsd_callback('/home/hotwater/ergene_coder/sim/simv: undefined symbol: vhdi_node_ist_add_scsd_callback')
ANF: vhdi_node_ist_get_value_addr('/home/hotwater/ergene_coder/sim/simv: undefined symbol: vhdi_node_ist_get_value_addr')
ANF: vhdi_enc_def_traverse_module('/home/hotwater/ergene_coder/sim/simv: undefined symbol: vhdi_enc_def_traverse_module')
ANF: vhdi_enc_def_traverse_scope('/home/hotwater/ergene_coder/sim/simv: undefined symbol: vhdi_enc_def_traverse_scope')
ANF: vhdi_enc_def_traverse_variable('/home/hotwater/ergene_coder/sim/simv: undefined symbol: vhdi_enc_def_traverse_variable')
ANF: vhdi_enc_ist_traverse_scope('/home/hotwater/ergene_coder/sim/simv: undefined symbol: vhdi_enc_ist_traverse_scope')
ANF: vhdi_enc_ist_traverse_variable('/home/hotwater/ergene_coder/sim/simv: undefined symbol: vhdi_enc_ist_traverse_variable')
ANF: vhdi_enc_ist_get_module_id('/home/hotwater/ergene_coder/sim/simv: undefined symbol: vhdi_enc_ist_get_module_id')
ANF: vhdi_enc_def_get_handle_by_module_id('/home/hotwater/ergene_coder/sim/simv: undefined symbol: vhdi_enc_def_get_handle_by_module_id')
VCS compile option:
 option[0]: /home/hotwater/ergene_coder/sim/simv
 option[1]: -sml=verdi
 option[2]: +fsdb+gate=off
 option[3]: -ucli2Proc
 option[4]: -ucli
 option[5]: -l
 option[6]: /home/hotwater/ergene_coder/sim/verdiLog/sim.log
 option[7]: /tools/Synopsys/VCS/V-2023.12-SP2/linux64/bin/vcs1
 option[8]: -Mcc=gcc
 option[9]: -Mcplusplus=g++
 option[10]: -Masflags=
 option[11]: -Mcfl= -pipe -fPIC -O -I/tools/Synopsys/VCS/V-2023.12-SP2/include 
 option[12]: -Mxllcflags=
 option[13]: -Mxcflags= -pipe -fPIC -I/tools/Synopsys/VCS/V-2023.12-SP2/include
 option[14]: -Mldflags= -rdynamic 
 option[15]: -Mout=simv
 option[16]: -Mamsrun=
 option[17]: -Mvcsaceobjs=
 option[18]: -Mobjects= /tools/Synopsys/VCS/V-2023.12-SP2/linux64/lib/libvirsim.so /tools/Synopsys/VCS/V-2023.12-SP2/linux64/lib/liberrorinf.so /tools/Synopsys/VCS/V-2023.12-SP2/linux64/lib/libsnpsmalloc.so /tools/Synopsys/VCS/V-2023.12-SP2/linux64/lib/libvfs.so 
 option[19]: -Mexternalobj=
 option[20]: -Msaverestoreobj=/tools/Synopsys/VCS/V-2023.12-SP2/linux64/lib/vcs_save_restore_new.o
 option[21]: -Mcrt0=
 option[22]: -Mcrtn=
 option[23]: -Mcsrc=
 option[24]: -Msyslibs=/tools/Synopsys/Verdi/V-2023.12-SP2/share/PLI/VCS/LINUX64/pli.a -ldl 
 option[25]: -full64
 option[26]: -debug_access
 option[27]: +vpi
 option[28]: +vcsd1
 option[29]: +itf+/tools/Synopsys/VCS/V-2023.12-SP2/linux64/lib/vcsdp_lite.tab
 option[30]: -timescale=10ns/1ns
 option[31]: -lca
 option[32]: -kdb
 option[33]: -Xufe=2steps
 option[34]: +define+SIM_TASKS
 option[35]: -picarchive
 option[36]: -P
 option[37]: /tools/Synopsys/Verdi/V-2023.12-SP2/share/PLI/VCS/LINUX64/verdi.tab
 option[38]: -fsdb
 option[39]: -sverilog
 option[40]: -gen_obj
 option[41]: ../rtl/priority_fsm.sv
 option[42]: ./tb/priority_fsm_tb.sv
 option[43]: -load
 option[44]: /tools/Synopsys/Verdi/V-2023.12-SP2/share/PLI/VCS/LINUX64/libnovas.so:FSDBDumpCmd
 option[45]: timescale=10ns/1ns
Chronologic Simulation VCS Release V-2023.12-SP2_Full64
Linux 3.10.0-1160.15.2.el7.x86_64 #1 SMP Wed Feb 3 15:06:38 UTC 2021 x86_64
CPU cores: 48
Limit information:
======================================
cputime		unlimited
filesize		unlimited
datasize		unlimited
stacksize		8192 kbytes
coredumpsize		0 kbytes
memoryuse		unlimited
vmemoryuse		unlimited
descriptors		4096
memorylocked		64 kbytes
maxproc		4096
======================================
(Special)Runtime environment variables:

Runtime environment variables:
SEED_G01=143.248.152.24
PVSHOME=/tools/Cadence/PVS201
MANPATH=/opt/rh/devtoolset-9/root/usr/share/man:
SYNOPSYS_LC_ROOT=/tools/Synopsys/LibraryCompiler/U-2022.12-SP2
XDG_SESSION_ID=7710
HOSTNAME=seed-c01
NOVAS_SYNC_MOTIF_DISP=
SEED_C01=143.248.152.54
CHOKIDAR_USEPOLLING=true
SEED_C03=143.248.152.50
TERM=xterm
SHELL=/bin/bash
SEED_C02=143.248.142.15
HISTSIZE=1000
ANSYSLMD_LICENSE_FILE=1055@143.248.174.50
SSH_CLIENT=172.25.16.188 59696 1222
CONDA_SHLVL=1
SPS_FONT_PATH=/tools/Synopsys/Verdi/V-2023.12-SP2/font
CONDA_PROMPT_MODIFIER=(base) 
PRIMESIM=2
SUBSTRATESTORHOME=/tools/Cadence/ASSURA41
SPS_XFONT_PATH=/tools/Synopsys/Verdi/V-2023.12-SP2/XFont
QTDIR=/usr/lib64/qt-3.3
QTINC=/usr/lib64/qt-3.3/include
MC2_INSTALL_DIR=/technology/TSMC_28nm_HPC_RF/SRAM/tsmc_n28hpcpmc_20120200_110a/TSMCHOME/sram/Compiler/tsmc_n28hpcpmc_20120200_110a/MC2_2012.02.00.d
SSH_TTY=/dev/pts/12
LC_ALL=C
MilkyWay=/tools/Synopsys/Milkyway/S-2021.06-SP1
DC=/tools/Synopsys/DC/U-2022.12-SP7-3
EXTHOME=/tools/Cadence/EXT191
QT_GRAPHICSSYSTEM_CHECKED=1
PCP_DIR=/opt/rh/devtoolset-9/root
USER=hotwater
LD_LIBRARY_PATH=/opt/rh/devtoolset-9/root/usr/lib64:/opt/rh/devtoolset-9/root/usr/lib:/opt/rh/devtoolset-9/root/usr/lib64/dyninst:/opt/rh/devtoolset-9/root/usr/lib/dyninst:/opt/rh/devtoolset-9/root/usr/lib64:/opt/rh/devtoolset-9/root/usr/lib:/tools/OpenMPI/lib
ALTOSHOME=/tools/Cadence/LIBERATE217
LS_COLORS=rs=0:di=01;34:ln=01;36:mh=00:pi=40;33:so=01;35:do=01;35:bd=40;33;01:cd=40;33;01:or=40;31;01:mi=01;05;37;41:su=37;41:sg=30;43:ca=30;41:tw=30;42:ow=34;42:st=37;44:ex=01;32:*.tar=01;31:*.tgz=01;31:*.arc=01;31:*.arj=01;31:*.taz=01;31:*.lha=01;31:*.lz4=01;31:*.lzh=01;31:*.lzma=01;31:*.tlz=01;31:*.txz=01;31:*.tzo=01;31:*.t7z=01;31:*.zip=01;31:*.z=01;31:*.Z=01;31:*.dz=01;31:*.gz=01;31:*.lrz=01;31:*.lz=01;31:*.lzo=01;31:*.xz=01;31:*.bz2=01;31:*.bz=01;31:*.tbz=01;31:*.tbz2=01;31:*.tz=01;31:*.deb=01;31:*.rpm=01;31:*.jar=01;31:*.war=01;31:*.ear=01;31:*.sar=01;31:*.rar=01;31:*.alz=01;31:*.ace=01;31:*.zoo=01;31:*.cpio=01;31:*.7z=01;31:*.rz=01;31:*.cab=01;31:*.jpg=01;35:*.jpeg=01;35:*.gif=01;35:*.bmp=01;35:*.pbm=01;35:*.pgm=01;35:*.ppm=01;35:*.tga=01;35:*.xbm=01;35:*.xpm=01;35:*.tif=01;35:*.tiff=01;35:*.png=01;35:*.svg=01;35:*.svgz=01;35:*.mng=01;35:*.pcx=01;35:*.mov=01;35:*.mpg=01;35:*.mpeg=01;35:*.m2v=01;35:*.mkv=01;35:*.webm=01;35:*.ogm=01;35:*.mp4=01;35:*.m4v=01;35:*.mp4v=01;35:*.vob=01;35:*.qt=01;35:*.nuv=01;35:*.wmv=01;35:*.asf=01;35:*.rm=01;35:*.rmvb=01;35:*.flc=01;35:*.avi=01;35:*.fli=01;35:*.flv=01;35:*.gl=01;35:*.dl=01;35:*.xcf=01;35:*.xwd=01;35:*.yuv=01;35:*.cgm=01;35:*.emf=01;35:*.axv=01;35:*.anx=01;35:*.ogv=01;35:*.ogx=01;35:*.aac=01;36:*.au=01;36:*.flac=01;36:*.mid=01;36:*.midi=01;36:*.mka=01;36:*.mp3=01;36:*.mpc=01;36:*.ogg=01;36:*.ra=01;36:*.wav=01;36:*.axa=01;36:*.oga=01;36:*.spx=01;36:*.xspf=01;36:
ICC2=/tools/Synopsys/DC/U-2022.12-SP7-3/icc2
XNLSPATH=/tools/Synopsys/Verdi/V-2023.12-SP2/etc/access/nls
CONDA_EXE=/home/hotwater/anaconda3/bin/conda
WAVEVIEW=/tools/Synopsys/WaveView/U-2023.03-3
W3264_NO_HOST_CHECK=1
MALLOC_ARENA_MAX=1
SNPSLMD_LICENSE_FILE=/tools/licensing/licFiles/synopsys_lic_SEED.dat:27020@143.248.152.54:27020@143.248.96.104:26585@143.248.230.188:27020@inn.postech.ac.kr
SSV=/tools/Cadence/SSV211
_CE_CONDA=
MAIL=/var/spool/mail/hotwater
PATH=/home/hotwater/anaconda3/bin:/home/hotwater/anaconda3/condabin:/tools/OpenMPI/bin:/opt/rh/devtoolset-9/root/usr/bin:/usr/lib64/qt-3.3/bin:/usr/local/bin:/usr/bin:/usr/local/sbin:/usr/sbin:/var/lib/snapd/snap/bin:/usr/local/sbin:/usr/local/bin:/usr/sbin:/usr/bin:/sbin:/bin:/tools/Cadence/SPECTRE201/tools/bin:/tools/Cadence/SPECTRE201/tools/dfII/bin:/tools/Cadence/PVS201/tools/bin:/tools/Cadence/PVS201/tools/dfII/bin:/tools/Cadence/IC618/tools/dfII/bin:/tools/Cadence/IC618/tools/bin:/tools/Cadence/EXT191/tools/bin:/tools/Cadence/EXT191/tools/dfII/bin:/tools/Cadence/ASSURA41/tools/bin:/tools/Cadence/ASSURA41/tools/dfII/bin:/tools/Cadence/XCELIUM2303/tools/bin:/tools/Cadence/XCELIUM2303/tools/dfII/bin:/tools/Cadence/ULTRASIM181/bin:/tools/Cadence/VDEBUG2209/tools/bin:/tools/Cadence/GENUS211/bin:/tools/Cadence/INNOVUS211/tools/bin:/tools/Cadence/LIBERATE217/tools/bin:/tools/Cadence/INCISIVE152/tools/bin:/tools/Cadence/INCISIVE152/tools/dfII/bin:/tools/Cadence/CONFRML241/bin:/tools/Cadence/SSV211/tools/bin:/tools/Synopsys/VCS/V-2023.12-SP2/linux64/bin:/tools/Synopsys/Verdi/V-2023.12-SP2/bin:/tools/Synopsys/DC/U-2022.12-SP7-3/linux64/syn/bin:/tools/Synopsys/Formality/V-2023.12-SP5/bin:/tools/Synopsys/Prime/V-2023.12-SP5/bin:/tools/Synopsys/DC/U-2022.12-SP7-3/icc2/bin:/tools/Synopsys/ICValidator/V-2023.12-SP5-5/bin:/tools/Synopsys/StarRC/V-2023.12-SP5/bin:/tools/Synopsys/LibraryCompiler/U-2022.12-SP2/linux64/syn/bin:/tools/Synopsys/ICCompiler/U-2022.12-SP7-3/linux64/syn/bin:/tools/Synopsys/Milkyway/S-2021.06-SP1/bin:/tools/Synopsys/CustomCompiler/Q-2020.03-SP1-3/bin:/tools/Synopsys/PrimeSim/U-2023.03-2/bin:/tools/Synopsys/PrimeSim_XA/U-2023.03-SP1/bin:/tools/Synopsys/PrimeSim_HSPICE/U-2023.03-SP1-1/hspice/bin:/tools/Synopsys/PrimeWave/U-2023.03-3/bin:/tools/Synopsys/WaveView/U-2023.03-3/bin:/tools/Synopsys/RTLArchitect/U-2022.12-SP3/bin:/tools/Synopsys/PrimeLib/V-2023.12-SP5/bin:/technology/TSMC_28nm_HPC_RF/SRAM/tsmc_n28hpcpmc_20120200_110a/TSMCHOME/sram/Compiler/tsmc_n28hpcpmc_20120200_110a/MC2_2012.02.00.d/bin:/tools/Mentor/Calibre/aoj_cal_2019.1_52.37/bin:/opt/riscv/bin:/tools/XMODEL/bin:/tools/Ansys/RedHawk_Linux64e7_V2024R2.3/bin:/home/hotwater//.local/bin:/home/hotwater//bin
SAED32_PATH=/technology/SAED32
GENUS=/tools/Cadence/GENUS211
RTLA=/tools/Synopsys/RTLArchitect/U-2022.12-SP3
CONDA_PREFIX=/home/hotwater/anaconda3
PRIMESIM_HOME=/tools/Synopsys/PrimeSim/U-2023.03-2
VERDI_HOME=/tools/Synopsys/Verdi/V-2023.12-SP2
PWD=/home/hotwater/ergene_coder/sim
XMODIFIERS=@im=none
PRIMEWAVE=/tools/Synopsys/PrimeWave/U-2023.03-3
VCS_HOME=/tools/Synopsys/VCS/V-2023.12-SP2
PrimeSim_HSPICE=/tools/Synopsys/PrimeSim_HSPICE/U-2023.03-SP1-1/hspice
SYS_PROG_NAME=verdi
LANG=C
VERISIUM_DEBUG_ROOT=/tools/Cadence/VDEBUG2209
MODULEPATH=/usr/share/Modules/modulefiles:/etc/modulefiles
OA_HOME=/tools/Cadence/IC618/oa_v22.60.096
LOADEDMODULES=
INCISIVEHOME=/tools/Cadence/INCISIVE152
REDHAWK_HOME=/tools/Ansys/RedHawk_Linux64e7_V2024R2.3
CDSHOME=/tools/Cadence/IC618
SYS_INST_DIR=/tools/Synopsys/Verdi/V-2023.12-SP2
CDS_Netlisting_Mode=Analog
LM_LICENSE_FILE=/tools/licensing/licFiles/cadence_license.dat:5280@143.248.152.54:5280@143.248.96.104:5280@143.248.230.188:5280@143.248.230.169:5280@143.248.230.189:/tools/licensing/licFiles/SRAM_LICENSE_TSMC28nm.dat:/tools/licensing/licFiles/SRAM_LICENSE_TSMC65nm.dat
INNOVUS=/tools/Cadence/INNOVUS211
_CE_M=
XMODEL_HOME=/tools/XMODEL
ULTRASIM=/tools/Cadence/ULTRASIM181
SSH_ASKPASS=/usr/libexec/openssh/gnome-ssh-askpass
HISTCONTROL=ignoredups
RISCV=/opt/riscv
SHLVL=2
HOME=/home/hotwater/
NVVMIR_LIBRARY_DIR=/usr/share/cuda
MGC_HOME=/tools/Mentor/Calibre/aoj_cal_2019.1_52.37
Formality=/tools/Synopsys/Formality/V-2023.12-SP5
VERDI_ORIGNAL_LD_LIBRARY_PATH=/opt/rh/devtoolset-9/root/usr/lib64:/opt/rh/devtoolset-9/root/usr/lib:/opt/rh/devtoolset-9/root/usr/lib64/dyninst:/opt/rh/devtoolset-9/root/usr/lib/dyninst:/opt/rh/devtoolset-9/root/usr/lib64:/opt/rh/devtoolset-9/root/usr/lib:/tools/OpenMPI/lib
PRIMESIM_XA=/tools/Synopsys/PrimeSim_XA/U-2023.03-SP1
ICV_HOME_DIR=/tools/Synopsys/ICValidator/V-2023.12-SP5-5
CDS_AUTO_64BIT=ALL
PRIMELIB=/tools/Synopsys/PrimeLib/V-2023.12-SP5
CONDA_PYTHON_EXE=/home/hotwater/anaconda3/bin/python
LOGNAME=hotwater
SALMD_LICENSE_FILE=9524@143.248.230.188
MGLS_LICENSE_FILE=/tools/licensing/licFiles/License_Calibre_KAIST_202305.txt:1717@143.248.152.54:1717@143.248.96.104:1717@143.248.230.188:1717@143.248.230.169:1717@143.248.230.189:1717@inn.postech.ac.kr
QTLIB=/usr/lib64/qt-3.3/lib
CVS_RSH=ssh
STARRC=/tools/Synopsys/StarRC/V-2023.12-SP5
Prime=/tools/Synopsys/Prime/V-2023.12-SP5
CONFORMAL=/tools/Cadence/CONFRML241
SPECTREHOME=/tools/Cadence/SPECTRE201
XDG_DATA_DIRS=/usr/local/share:/usr/share:/var/lib/snapd/desktop
SSH_CONNECTION=172.25.16.188 59696 143.248.152.54 1222
NOVASHLPPATH=/tools/Synopsys/Verdi/V-2023.12-SP2/doc
SPS_RGB_PATH=/tools/Synopsys/Verdi/V-2023.12-SP2/etc/rgb
MPI_HOME=/tools/OpenMPI
CDS_LIC_FILE=/tools/licensing/licFiles/cadence_license.dat:5280@143.248.152.54:5280@143.248.96.104:5280@143.248.230.188:5280@143.248.230.169:5280@143.248.230.189
MODULESHOME=/usr/share/Modules
CONDA_DEFAULT_ENV=base
PKG_CONFIG_PATH=/usr/lib/pkgconfig:/opt/rh/devtoolset-9/root/usr/lib64/pkgconfig
LESSOPEN=||/usr/bin/lesspipe.sh %s
INFOPATH=/opt/rh/devtoolset-9/root/usr/share/info
LD_NOVERSION=1
CUSTOMCOMPILER=/tools/Synopsys/CustomCompiler/Q-2020.03-SP1-3
XCELIUMHOME=/tools/Cadence/XCELIUM2303
XDG_RUNTIME_DIR=/run/user/1011
DISPLAY=localhost:18.0
QT_PLUGIN_PATH=/tools/Synopsys/Verdi/V-2023.12-SP2/platform/LINUXAMD64/lib/Qt/plugins
ICC=/tools/Synopsys/ICCompiler/U-2022.12-SP7-3
SKILLCAD_PATH=/tools/Cadence/skillcad_v4.2S
ASSURAHOME=/tools/Cadence/ASSURA41
CDS_INST_DIR=/tools/Cadence/IC618
BASH_FUNC_module()=() {  eval `/usr/bin/modulecmd bash $*`
}
NOVAS_LC_ALL=C
SIMV_DAIDIR_PATH=/home/hotwater/ergene_coder/sim/./simv.daidir
NOVAS_SIGNAL_BASE_EXTRACTION=1
SIGNAL_BASE_EXTRACTION=1
NOVAS_VERDI_SVTB_BETA=1
VERDI_SVTB_BETA=1
NOVAS_VERDI_SVTB_ALPHA=1
VERDI_SVTB_ALPHA=1
NOVAS_VERDI_TB_HT=1
VERDI_TB_HT=1
NOVAS_WAVE_REDRAW_ALLVC=1
WAVE_REDRAW_ALLVC=1
NOVAS_TCL_LIBRARY=/tools/Synopsys/Verdi/V-2023.12-SP2/etc/access/tcl86_library
TCL_LIBRARY=/tools/Synopsys/Verdi/V-2023.12-SP2/etc/access/tcl86_library
XKEYSYMDB=/tools/Synopsys/Verdi/V-2023.12-SP2/etc/access/XKeysymDB2.1
XLOCALEDIR=/tools/Synopsys/Verdi/V-2023.12-SP2/etc/access/locale
QTWEBENGINE_CHROMIUM_FLAGS=--log-level=3
NOVAS_SIGNAL_BASED_BA=0
SIGNAL_BASED_BA=0
SYNOPSYS_SIM=/tools/Synopsys/VCS/V-2023.12-SP2
DISABLE_LIBRARY_MAP_CHECK=1
AST_DUMP=11
TRMIS_REVERSE_JUMP_TO_EARLIEST=1
TS_TRMIS_DECIDE_RM_RC_ATTR=0
TFV_FSDB_MIS_BATCH_REMOVE_INTF_RC_HAVING_INTF_MISMATCH=0
TFV_FSDB_MIS_BATCH_ENABLE_FSDB_GATE=1
TFV_FSDB_MIS_BATCH_DUMP_TDC=0
TFV_FSDB_MIS_RCA_MODE=1
SNPS_SIM_DEFAULT_GUI=verdi
FSDB_FILE=/home/hotwater/ergene_coder/sim/inter.fsdb
VCS_UCLI_STDIN_BLOCKING=1
FSDB_VHDL_PROTECTED=1
FSDB_RD_IR_ENABLE=1
FSDB_SVA_STATUS=1
VCS_PATHMAP_PRELOAD_DONE=1
VCS_STACK_EXEC=true
VCS_EXEC_DONE=1
VCS_STOP_SAFE=1
DVE_SIM_SELECT_LOOP=on
FLEXLM_BORROWFILE=/home/hotwater//.seed-c01-borrow.txt
Runtime command line arguments:
argv[0]=/home/hotwater/ergene_coder/sim/simv
argv[1]=-sml=verdi
argv[2]=+fsdb+gate=off
argv[3]=-ucli2Proc
argv[4]=-ucli
argv[5]=-l
argv[6]=/home/hotwater/ergene_coder/sim/verdiLog/sim.log
320 profile - 100
          CPU/Mem usage: 0.020 sys,  0.070 user,  267.16M mem
321 Elapsed time:    0:00:04    Fri Feb 28 23:38:25 2025
322 User CPU time used: 0 seconds
323 System CPU time used: 0 seconds
324 pliAppInit
325 ndpGetenv(FSDB_FILE): /home/hotwater/ergene_coder/sim/inter.fsdb
326 ndpGetenv(FSDB_SVA_STATUS): 1
327 ndpGetenv(FSDB_VHDL_PROTECTED): 1
328 [SC]Init: MemoryConsumed=0.00MB ElapsedTime=0hour 0min. 0sec.
329 FSDB_GATE & FSDB_RTL is disabled.
330 FSDB_PACKED_MODE is enabled.
331 FSDB_GATE_PACKED is enabled.
332 FSDB_ALIAS_ARRAY_ELEM is set to 4294967295.
333 Enable Parallel Dumping.
334 pliAppMiscSet: New Sim Round
335 pliEntryInit
336 LIBSSCORE=found /tools/Synopsys/Verdi/V-2023.12-SP2/share/PLI/lib/LINUXAMD64/libsscore_vcs202312.so through $NOVAS_HOME setting.
337 FSDB Dumper for VCS, Release Verdi_V-2023.12-SP2, Linux x86_64/64bit, 05/26/2024
338 (C) 1996 - 2024 by Synopsys, Inc.
339 sps_tcl_fsdbDumpfile_main at 0
340 argv[0]: /home/hotwater/ergene_coder/sim/inter.fsdb
341 *Verdi* : Create FSDB file '/home/hotwater/ergene_coder/sim/inter.fsdb'
342 [spi_vcs_vd_ppi_create_root]: no upf option
343 compile option from '/home/hotwater/ergene_coder/sim/simv.daidir/vcs_rebuild'.
344   "vcs '-full64' '-sverilog' '-debug_access' '-timescale=10ns/1ns' '-lca' '-kdb' '../rtl/priority_fsm.sv' './tb/priority_fsm_tb.sv' '-t' 'priority_fsm' '+define+SIM_TASKS' 2>&1"
345 sps_tcl_fsdbDumpflush_vd_main at 0 : N/A(0)
346 *Verdi* : Flush all FSDB Files at 0 ns.
347 sps_tcl_fsdbDumpflush_vd_main at 0 : N/A(0)
348 *Verdi* : Flush all FSDB Files at 0 ns.
349 DVDI_is_vir_unload_enabled is enable
350 FSDB_VCS_ENABLE_NATIVE_VC is enable
351 sps_tcl_fsdbDumpvars_vd_main
352 argv[0]: 0
353 argv[1]: priority_fsm_tb.uut.clk_i
354 argv[2]: +all
355 argv[3]: +trace_process
356 *Verdi* : Dumping the signal (priority_fsm_tb.uut.clk_i).
357 pliAppHDL_DumpVarComplete traverse var: profile - 
          CPU/Mem usage: 0.060 sys,  0.100 user,  365.17M mem
                   incr: 0.000 sys,  0.000 user,  2.20M mem
                   accu: 0.000 sys,  0.000 user,  2.20M mem
              accu incr: 0.000 sys,  0.000 user,  2.20M mem

          Count usage: 0 var,  1 idcode,  1 callback
                 incr: 0 var,  1 idcode,  1 callback
                 accu: 0 var,  1 idcode,  1 callback
            accu incr: 0 var,  1 idcode,  1 callback
358 Elapsed time:    0:01:20    Fri Feb 28 23:39:41 2025
359 User CPU time used: 0 seconds
360 System CPU time used: 0 seconds
361 pliAppHDL_DumpVarComplete: profile - 
          CPU/Mem usage: 0.060 sys,  0.100 user,  366.22M mem
                   incr: 0.000 sys,  0.000 user,  1.05M mem
                   accu: 0.000 sys,  0.000 user,  3.25M mem
              accu incr: 0.000 sys,  0.000 user,  1.05M mem

          Count usage: 0 var,  1 idcode,  1 callback
                 incr: 0 var,  0 idcode,  0 callback
                 accu: 0 var,  1 idcode,  1 callback
            accu incr: 0 var,  0 idcode,  0 callback
362 Elapsed time:    0:01:20    Fri Feb 28 23:39:41 2025
363 User CPU time used: 0 seconds
364 System CPU time used: 0 seconds
365 sps_tcl_fsdbDumpvars_vd_main
366 argv[0]: 0
367 argv[1]: priority_fsm_tb.uut.resetn_i
368 argv[2]: +all
369 argv[3]: +trace_process
370 *Verdi* : Dumping the signal (priority_fsm_tb.uut.resetn_i).
371 pliAppHDL_DumpVarComplete traverse var: profile - 
          CPU/Mem usage: 0.060 sys,  0.100 user,  366.22M mem
                   incr: 0.000 sys,  0.000 user,  0.00M mem
                   accu: 0.000 sys,  0.000 user,  0.00M mem
              accu incr: 0.000 sys,  0.000 user,  0.00M mem

          Count usage: 0 var,  2 idcode,  2 callback
                 incr: 0 var,  1 idcode,  1 callback
                 accu: 0 var,  1 idcode,  1 callback
            accu incr: 0 var,  1 idcode,  1 callback
372 Elapsed time:    0:01:20    Fri Feb 28 23:39:41 2025
373 User CPU time used: 0 seconds
374 System CPU time used: 0 seconds
375 pliAppHDL_DumpVarComplete: profile - 
          CPU/Mem usage: 0.060 sys,  0.100 user,  366.22M mem
                   incr: 0.000 sys,  0.000 user,  0.00M mem
                   accu: 0.000 sys,  0.000 user,  0.00M mem
              accu incr: 0.000 sys,  0.000 user,  0.00M mem

          Count usage: 0 var,  2 idcode,  2 callback
                 incr: 0 var,  0 idcode,  0 callback
                 accu: 0 var,  1 idcode,  1 callback
            accu incr: 0 var,  0 idcode,  0 callback
376 Elapsed time:    0:01:20    Fri Feb 28 23:39:41 2025
377 User CPU time used: 0 seconds
378 System CPU time used: 0 seconds
379 sps_tcl_fsdbDumpvars_vd_main
380 argv[0]: 0
381 argv[1]: priority_fsm_tb.uut.ch_sel_i
382 argv[2]: +all
383 argv[3]: +trace_process
384 *Verdi* : Dumping the signal (priority_fsm_tb.uut.ch_sel_i).
385 pliAppHDL_DumpVarComplete traverse var: profile - 
          CPU/Mem usage: 0.060 sys,  0.100 user,  367.27M mem
                   incr: 0.000 sys,  0.000 user,  1.05M mem
                   accu: 0.000 sys,  0.000 user,  1.05M mem
              accu incr: 0.000 sys,  0.000 user,  1.05M mem

          Count usage: 0 var,  3 idcode,  3 callback
                 incr: 0 var,  1 idcode,  1 callback
                 accu: 0 var,  1 idcode,  1 callback
            accu incr: 0 var,  1 idcode,  1 callback
386 Elapsed time:    0:01:20    Fri Feb 28 23:39:41 2025
387 User CPU time used: 0 seconds
388 System CPU time used: 0 seconds
389 pliAppHDL_DumpVarComplete: profile - 
          CPU/Mem usage: 0.060 sys,  0.100 user,  367.27M mem
                   incr: 0.000 sys,  0.000 user,  0.00M mem
                   accu: 0.000 sys,  0.000 user,  1.05M mem
              accu incr: 0.000 sys,  0.000 user,  0.00M mem

          Count usage: 0 var,  3 idcode,  3 callback
                 incr: 0 var,  0 idcode,  0 callback
                 accu: 0 var,  1 idcode,  1 callback
            accu incr: 0 var,  0 idcode,  0 callback
390 Elapsed time:    0:01:20    Fri Feb 28 23:39:41 2025
391 User CPU time used: 0 seconds
392 System CPU time used: 0 seconds
393 sps_tcl_fsdbDumpvars_vd_main
394 argv[0]: 0
395 argv[1]: priority_fsm_tb.uut.dump_i
396 argv[2]: +all
397 argv[3]: +trace_process
398 *Verdi* : Dumping the signal (priority_fsm_tb.uut.dump_i).
399 pliAppHDL_DumpVarComplete traverse var: profile - 
          CPU/Mem usage: 0.060 sys,  0.100 user,  367.27M mem
                   incr: 0.000 sys,  0.000 user,  0.00M mem
                   accu: 0.000 sys,  0.000 user,  0.00M mem
              accu incr: 0.000 sys,  0.000 user,  0.00M mem

          Count usage: 0 var,  4 idcode,  4 callback
                 incr: 0 var,  1 idcode,  1 callback
                 accu: 0 var,  1 idcode,  1 callback
            accu incr: 0 var,  1 idcode,  1 callback
400 Elapsed time:    0:01:20    Fri Feb 28 23:39:41 2025
401 User CPU time used: 0 seconds
402 System CPU time used: 0 seconds
403 pliAppHDL_DumpVarComplete: profile - 
          CPU/Mem usage: 0.060 sys,  0.100 user,  367.27M mem
                   incr: 0.000 sys,  0.000 user,  0.00M mem
                   accu: 0.000 sys,  0.000 user,  0.00M mem
              accu incr: 0.000 sys,  0.000 user,  0.00M mem

          Count usage: 0 var,  4 idcode,  4 callback
                 incr: 0 var,  0 idcode,  0 callback
                 accu: 0 var,  1 idcode,  1 callback
            accu incr: 0 var,  0 idcode,  0 callback
404 Elapsed time:    0:01:20    Fri Feb 28 23:39:41 2025
405 User CPU time used: 0 seconds
406 System CPU time used: 0 seconds
407 sps_tcl_fsdbDumpvars_vd_main
408 argv[0]: 0
409 argv[1]: priority_fsm_tb.uut.arm_i
410 argv[2]: +all
411 argv[3]: +trace_process
412 *Verdi* : Dumping the signal (priority_fsm_tb.uut.arm_i).
413 pliAppHDL_DumpVarComplete traverse var: profile - 
          CPU/Mem usage: 0.060 sys,  0.110 user,  367.27M mem
                   incr: 0.000 sys,  0.010 user,  0.00M mem
                   accu: 0.000 sys,  0.010 user,  0.00M mem
              accu incr: 0.000 sys,  0.010 user,  0.00M mem

          Count usage: 0 var,  5 idcode,  5 callback
                 incr: 0 var,  1 idcode,  1 callback
                 accu: 0 var,  1 idcode,  1 callback
            accu incr: 0 var,  1 idcode,  1 callback
414 Elapsed time:    0:01:20    Fri Feb 28 23:39:41 2025
415 User CPU time used: 0 seconds
416 System CPU time used: 0 seconds
417 pliAppHDL_DumpVarComplete: profile - 
          CPU/Mem usage: 0.060 sys,  0.110 user,  367.27M mem
                   incr: 0.000 sys,  0.000 user,  0.00M mem
                   accu: 0.000 sys,  0.010 user,  0.00M mem
              accu incr: 0.000 sys,  0.000 user,  0.00M mem

          Count usage: 0 var,  5 idcode,  5 callback
                 incr: 0 var,  0 idcode,  0 callback
                 accu: 0 var,  1 idcode,  1 callback
            accu incr: 0 var,  0 idcode,  0 callback
418 Elapsed time:    0:01:20    Fri Feb 28 23:39:41 2025
419 User CPU time used: 0 seconds
420 System CPU time used: 0 seconds
421 sps_tcl_fsdbDumpvars_vd_main
422 argv[0]: 0
423 argv[1]: priority_fsm_tb.uut.ch_sel_o
424 argv[2]: +all
425 argv[3]: +trace_process
426 *Verdi* : Dumping the signal (priority_fsm_tb.uut.ch_sel_o).
427 pliAppHDL_DumpVarComplete traverse var: profile - 
          CPU/Mem usage: 0.060 sys,  0.110 user,  367.27M mem
                   incr: 0.000 sys,  0.000 user,  0.00M mem
                   accu: 0.000 sys,  0.000 user,  0.00M mem
              accu incr: 0.000 sys,  0.000 user,  0.00M mem

          Count usage: 0 var,  6 idcode,  6 callback
                 incr: 0 var,  1 idcode,  1 callback
                 accu: 0 var,  1 idcode,  1 callback
            accu incr: 0 var,  1 idcode,  1 callback
428 Elapsed time:    0:01:20    Fri Feb 28 23:39:41 2025
429 User CPU time used: 0 seconds
430 System CPU time used: 0 seconds
431 pliAppHDL_DumpVarComplete: profile - 
          CPU/Mem usage: 0.060 sys,  0.110 user,  367.27M mem
                   incr: 0.000 sys,  0.000 user,  0.00M mem
                   accu: 0.000 sys,  0.000 user,  0.00M mem
              accu incr: 0.000 sys,  0.000 user,  0.00M mem

          Count usage: 0 var,  6 idcode,  6 callback
                 incr: 0 var,  0 idcode,  0 callback
                 accu: 0 var,  1 idcode,  1 callback
            accu incr: 0 var,  0 idcode,  0 callback
432 Elapsed time:    0:01:20    Fri Feb 28 23:39:41 2025
433 User CPU time used: 0 seconds
434 System CPU time used: 0 seconds
435 sps_tcl_fsdbDumpvars_vd_main
436 argv[0]: 0
437 argv[1]: priority_fsm_tb.uut.zero_o
438 argv[2]: +all
439 argv[3]: +trace_process
440 *Verdi* : Dumping the signal (priority_fsm_tb.uut.zero_o).
441 pliAppHDL_DumpVarComplete traverse var: profile - 
          CPU/Mem usage: 0.060 sys,  0.110 user,  367.27M mem
                   incr: 0.000 sys,  0.000 user,  0.00M mem
                   accu: 0.000 sys,  0.000 user,  0.00M mem
              accu incr: 0.000 sys,  0.000 user,  0.00M mem

          Count usage: 0 var,  7 idcode,  7 callback
                 incr: 0 var,  1 idcode,  1 callback
                 accu: 0 var,  1 idcode,  1 callback
            accu incr: 0 var,  1 idcode,  1 callback
442 Elapsed time:    0:01:20    Fri Feb 28 23:39:41 2025
443 User CPU time used: 0 seconds
444 System CPU time used: 0 seconds
445 pliAppHDL_DumpVarComplete: profile - 
          CPU/Mem usage: 0.060 sys,  0.110 user,  367.27M mem
                   incr: 0.000 sys,  0.000 user,  0.00M mem
                   accu: 0.000 sys,  0.000 user,  0.00M mem
              accu incr: 0.000 sys,  0.000 user,  0.00M mem

          Count usage: 0 var,  7 idcode,  7 callback
                 incr: 0 var,  0 idcode,  0 callback
                 accu: 0 var,  1 idcode,  1 callback
            accu incr: 0 var,  0 idcode,  0 callback
446 Elapsed time:    0:01:20    Fri Feb 28 23:39:41 2025
447 User CPU time used: 0 seconds
448 System CPU time used: 0 seconds
449 sps_tcl_fsdbDumpvars_vd_main
450 argv[0]: 0
451 argv[1]: priority_fsm_tb.uut.cycle_done_o
452 argv[2]: +all
453 argv[3]: +trace_process
454 *Verdi* : Dumping the signal (priority_fsm_tb.uut.cycle_done_o).
455 pliAppHDL_DumpVarComplete traverse var: profile - 
          CPU/Mem usage: 0.060 sys,  0.110 user,  367.27M mem
                   incr: 0.000 sys,  0.000 user,  0.00M mem
                   accu: 0.000 sys,  0.000 user,  0.00M mem
              accu incr: 0.000 sys,  0.000 user,  0.00M mem

          Count usage: 0 var,  8 idcode,  7 callback
                 incr: 0 var,  1 idcode,  0 callback
                 accu: 0 var,  1 idcode,  0 callback
            accu incr: 0 var,  1 idcode,  0 callback
456 Elapsed time:    0:01:20    Fri Feb 28 23:39:41 2025
457 User CPU time used: 0 seconds
458 System CPU time used: 0 seconds
459 pliAppHDL_DumpVarComplete: profile - 
          CPU/Mem usage: 0.060 sys,  0.110 user,  367.27M mem
                   incr: 0.000 sys,  0.000 user,  0.00M mem
                   accu: 0.000 sys,  0.000 user,  0.00M mem
              accu incr: 0.000 sys,  0.000 user,  0.00M mem

          Count usage: 0 var,  8 idcode,  7 callback
                 incr: 0 var,  0 idcode,  0 callback
                 accu: 0 var,  1 idcode,  0 callback
            accu incr: 0 var,  0 idcode,  0 callback
460 Elapsed time:    0:01:20    Fri Feb 28 23:39:41 2025
461 User CPU time used: 0 seconds
462 System CPU time used: 0 seconds
463 sps_tcl_fsdbDumpvars_vd_main
464 argv[0]: 0
465 argv[1]: priority_fsm_tb.uut.state
466 argv[2]: +all
467 argv[3]: +trace_process
468 *Verdi* : Dumping the signal (priority_fsm_tb.uut.state).
469 pliAppHDL_DumpVarComplete traverse var: profile - 
          CPU/Mem usage: 0.060 sys,  0.110 user,  367.27M mem
                   incr: 0.000 sys,  0.000 user,  0.00M mem
                   accu: 0.000 sys,  0.000 user,  0.00M mem
              accu incr: 0.000 sys,  0.000 user,  0.00M mem

          Count usage: 0 var,  9 idcode,  8 callback
                 incr: 0 var,  1 idcode,  1 callback
                 accu: 0 var,  1 idcode,  1 callback
            accu incr: 0 var,  1 idcode,  1 callback
470 Elapsed time:    0:01:20    Fri Feb 28 23:39:41 2025
471 User CPU time used: 0 seconds
472 System CPU time used: 0 seconds
473 pliAppHDL_DumpVarComplete: profile - 
          CPU/Mem usage: 0.060 sys,  0.110 user,  367.27M mem
                   incr: 0.000 sys,  0.000 user,  0.00M mem
                   accu: 0.000 sys,  0.000 user,  0.00M mem
              accu incr: 0.000 sys,  0.000 user,  0.00M mem

          Count usage: 0 var,  9 idcode,  8 callback
                 incr: 0 var,  0 idcode,  0 callback
                 accu: 0 var,  1 idcode,  1 callback
            accu incr: 0 var,  0 idcode,  0 callback
474 Elapsed time:    0:01:20    Fri Feb 28 23:39:41 2025
475 User CPU time used: 0 seconds
476 System CPU time used: 0 seconds
477 sps_tcl_fsdbDumpvars_vd_main
478 argv[0]: 0
479 argv[1]: priority_fsm_tb.uut.next_state
480 argv[2]: +all
481 argv[3]: +trace_process
482 *Verdi* : Dumping the signal (priority_fsm_tb.uut.next_state).
483 pliAppHDL_DumpVarComplete traverse var: profile - 
          CPU/Mem usage: 0.060 sys,  0.110 user,  367.27M mem
                   incr: 0.000 sys,  0.000 user,  0.00M mem
                   accu: 0.000 sys,  0.000 user,  0.00M mem
              accu incr: 0.000 sys,  0.000 user,  0.00M mem

          Count usage: 0 var,  10 idcode,  9 callback
                 incr: 0 var,  1 idcode,  1 callback
                 accu: 0 var,  1 idcode,  1 callback
            accu incr: 0 var,  1 idcode,  1 callback
484 Elapsed time:    0:01:20    Fri Feb 28 23:39:41 2025
485 User CPU time used: 0 seconds
486 System CPU time used: 0 seconds
487 pliAppHDL_DumpVarComplete: profile - 
          CPU/Mem usage: 0.060 sys,  0.110 user,  367.27M mem
                   incr: 0.000 sys,  0.000 user,  0.00M mem
                   accu: 0.000 sys,  0.000 user,  0.00M mem
              accu incr: 0.000 sys,  0.000 user,  0.00M mem

          Count usage: 0 var,  10 idcode,  9 callback
                 incr: 0 var,  0 idcode,  0 callback
                 accu: 0 var,  1 idcode,  1 callback
            accu incr: 0 var,  0 idcode,  0 callback
488 Elapsed time:    0:01:20    Fri Feb 28 23:39:41 2025
489 User CPU time used: 0 seconds
490 System CPU time used: 0 seconds
491 sps_tcl_fsdbDumpvars_vd_main
492 argv[0]: 0
493 argv[1]: priority_fsm_tb.uut.encode_ch
494 argv[2]: +all
495 argv[3]: +trace_process
496 *Verdi* : Dumping the signal (priority_fsm_tb.uut.encode_ch).
497 pliAppHDL_DumpVarComplete traverse var: profile - 
          CPU/Mem usage: 0.070 sys,  0.110 user,  367.27M mem
                   incr: 0.010 sys,  0.000 user,  0.00M mem
                   accu: 0.010 sys,  0.000 user,  0.00M mem
              accu incr: 0.010 sys,  0.000 user,  0.00M mem

          Count usage: 0 var,  11 idcode,  10 callback
                 incr: 0 var,  1 idcode,  1 callback
                 accu: 0 var,  1 idcode,  1 callback
            accu incr: 0 var,  1 idcode,  1 callback
498 Elapsed time:    0:01:20    Fri Feb 28 23:39:41 2025
499 User CPU time used: 0 seconds
500 System CPU time used: 0 seconds
501 pliAppHDL_DumpVarComplete: profile - 
          CPU/Mem usage: 0.070 sys,  0.110 user,  367.27M mem
                   incr: 0.000 sys,  0.000 user,  0.00M mem
                   accu: 0.010 sys,  0.000 user,  0.00M mem
              accu incr: 0.000 sys,  0.000 user,  0.00M mem

          Count usage: 0 var,  11 idcode,  10 callback
                 incr: 0 var,  0 idcode,  0 callback
                 accu: 0 var,  1 idcode,  1 callback
            accu incr: 0 var,  0 idcode,  0 callback
502 Elapsed time:    0:01:20    Fri Feb 28 23:39:41 2025
503 User CPU time used: 0 seconds
504 System CPU time used: 0 seconds
505 sps_tcl_fsdbDumpvars_vd_main
506 argv[0]: 0
507 argv[1]: priority_fsm_tb.uut.valid
508 argv[2]: +all
509 argv[3]: +trace_process
510 *Verdi* : Dumping the signal (priority_fsm_tb.uut.valid).
511 pliAppHDL_DumpVarComplete traverse var: profile - 
          CPU/Mem usage: 0.070 sys,  0.110 user,  367.27M mem
                   incr: 0.000 sys,  0.000 user,  0.00M mem
                   accu: 0.000 sys,  0.000 user,  0.00M mem
              accu incr: 0.000 sys,  0.000 user,  0.00M mem

          Count usage: 0 var,  12 idcode,  11 callback
                 incr: 0 var,  1 idcode,  1 callback
                 accu: 0 var,  1 idcode,  1 callback
            accu incr: 0 var,  1 idcode,  1 callback
512 Elapsed time:    0:01:20    Fri Feb 28 23:39:41 2025
513 User CPU time used: 0 seconds
514 System CPU time used: 0 seconds
515 pliAppHDL_DumpVarComplete: profile - 
          CPU/Mem usage: 0.070 sys,  0.110 user,  367.27M mem
                   incr: 0.000 sys,  0.000 user,  0.00M mem
                   accu: 0.000 sys,  0.000 user,  0.00M mem
              accu incr: 0.000 sys,  0.000 user,  0.00M mem

          Count usage: 0 var,  12 idcode,  11 callback
                 incr: 0 var,  0 idcode,  0 callback
                 accu: 0 var,  1 idcode,  1 callback
            accu incr: 0 var,  0 idcode,  0 callback
516 Elapsed time:    0:01:20    Fri Feb 28 23:39:41 2025
517 User CPU time used: 0 seconds
518 System CPU time used: 0 seconds
519 sps_tcl_fsdbDumpvars_vd_main
520 argv[0]: 0
521 argv[1]: priority_fsm_tb.uut.ch_latch_q
522 argv[2]: +all
523 argv[3]: +trace_process
524 *Verdi* : Dumping the signal (priority_fsm_tb.uut.ch_latch_q).
525 pliAppHDL_DumpVarComplete traverse var: profile - 
          CPU/Mem usage: 0.070 sys,  0.110 user,  367.27M mem
                   incr: 0.000 sys,  0.000 user,  0.00M mem
                   accu: 0.000 sys,  0.000 user,  0.00M mem
              accu incr: 0.000 sys,  0.000 user,  0.00M mem

          Count usage: 0 var,  13 idcode,  12 callback
                 incr: 0 var,  1 idcode,  1 callback
                 accu: 0 var,  1 idcode,  1 callback
            accu incr: 0 var,  1 idcode,  1 callback
526 Elapsed time:    0:01:20    Fri Feb 28 23:39:41 2025
527 User CPU time used: 0 seconds
528 System CPU time used: 0 seconds
529 pliAppHDL_DumpVarComplete: profile - 
          CPU/Mem usage: 0.070 sys,  0.110 user,  367.27M mem
                   incr: 0.000 sys,  0.000 user,  0.00M mem
                   accu: 0.000 sys,  0.000 user,  0.00M mem
              accu incr: 0.000 sys,  0.000 user,  0.00M mem

          Count usage: 0 var,  13 idcode,  12 callback
                 incr: 0 var,  0 idcode,  0 callback
                 accu: 0 var,  1 idcode,  1 callback
            accu incr: 0 var,  0 idcode,  0 callback
530 Elapsed time:    0:01:20    Fri Feb 28 23:39:41 2025
531 User CPU time used: 0 seconds
532 System CPU time used: 0 seconds
533 sps_tcl_fsdbDumpvars_vd_main
534 argv[0]: 0
535 argv[1]: priority_fsm_tb.uut.ch_latch_res
536 argv[2]: +all
537 argv[3]: +trace_process
538 *Verdi* : Dumping the signal (priority_fsm_tb.uut.ch_latch_res).
539 pliAppHDL_DumpVarComplete traverse var: profile - 
          CPU/Mem usage: 0.070 sys,  0.110 user,  367.27M mem
                   incr: 0.000 sys,  0.000 user,  0.00M mem
                   accu: 0.000 sys,  0.000 user,  0.00M mem
              accu incr: 0.000 sys,  0.000 user,  0.00M mem

          Count usage: 0 var,  14 idcode,  13 callback
                 incr: 0 var,  1 idcode,  1 callback
                 accu: 0 var,  1 idcode,  1 callback
            accu incr: 0 var,  1 idcode,  1 callback
540 Elapsed time:    0:01:20    Fri Feb 28 23:39:41 2025
541 User CPU time used: 0 seconds
542 System CPU time used: 0 seconds
543 pliAppHDL_DumpVarComplete: profile - 
          CPU/Mem usage: 0.070 sys,  0.110 user,  367.27M mem
                   incr: 0.000 sys,  0.000 user,  0.00M mem
                   accu: 0.000 sys,  0.000 user,  0.00M mem
              accu incr: 0.000 sys,  0.000 user,  0.00M mem

          Count usage: 0 var,  14 idcode,  13 callback
                 incr: 0 var,  0 idcode,  0 callback
                 accu: 0 var,  1 idcode,  1 callback
            accu incr: 0 var,  0 idcode,  0 callback
544 Elapsed time:    0:01:20    Fri Feb 28 23:39:41 2025
545 User CPU time used: 0 seconds
546 System CPU time used: 0 seconds
547 sps_tcl_fsdbDumpflush_vd_main at 0 : N/A(0)
548 *Verdi* : Flush all FSDB Files at 0 ns.
549 sps_tcl_fsdbDumpflush_vd_main at 1100 : N/A(0)
550 *Verdi* : Flush all FSDB Files at 1,100 ns.
551 End of simulation at 1100
552 Memory usage: 369.177 M
553 Maximum resident set size: 146 MB
554 Hard page faults: 2
555 Soft page faults: 7790
556 Elapsed time:    0:07:09    Fri Feb 28 23:45:30 2025
557 User CPU time used: 0 seconds
558 System CPU time used: 0 seconds
559 Begin FSDB profile info:
560 FSDB Writer : bc1(46) bcn(45) mtf/stf(0/4)
FSDB Writer elapsed time : flush(0.058099) io wait(0.000000) theadpool wait(0.000000)
FSDB Writer cpu time : MT Compression : 0
561 End FSDB profile info
562 FSDB closed. Name: /home/hotwater/ergene_coder/sim/inter.fsdb Size: 11074
563 Parallel profile     - ProducerThread:1 ConsumerThread:1 Buffer:64MB
564                      - BlockUsed:1 Acquire:0 BufferUsed:1410
565                      - Flush:20 Expand:0 ProducerWait:0 ConsumerWait:0
566                      - MainProducerTime:0.218449568 TotalConsumerTime:0.000000000
567                      - ElapsedTime:424.838155000
568 Producer   0 profile - BlockUsed:3 Acquire:0 BufferUsed:1410
569 Consumer   0 profile - Affinity:-1 CPUTime:0.000000000 LifeTime:0.000000000 (-nan%)
570                      - BlockUsed:3 Acquire:0 BufferUsed:1410
571 SimExit
572 Elapsed time:    0:07:09    Fri Feb 28 23:45:30 2025
573 User CPU time used: 0 seconds
574 System CPU time used: 0 seconds
575 Sim process exit
