Information: Checking out the license 'DesignWare'. (SEC-104)
Information: Updating graph... (UID-83)
Information: Updating design information... (UID-85)

Information: Checking generated_clocks...

Information: Checking loops...

Information: Checking no_input_delay...

Information: Checking unconstrained_endpoints...

Warning: The following end-points are not constrained for maximum delay.

End point
---------------
hot_one_o[0]
hot_one_o[1]
hot_one_o[2]
hot_one_o[3]
hot_one_o[4]
hot_one_o[5]
hot_one_o[6]
hot_one_o[7]
hot_one_o[8]
hot_one_o[9]
hot_one_o[10]
hot_one_o[11]
hot_one_o[12]
hot_one_o[13]
hot_one_o[14]
hot_one_o[15]
valid_o

Information: Checking pulse_clock_cell_type...

Information: Checking no_driving_cell...

Information: Checking partial_input_delay...
1
